    1  a 0001
    2  aw0000111
    3  aa000010
    4  b 110110
    5  c 1100
    6  d 0111
    7  dd10110
    8  e 00000011
    9  ee00100
   10  f 000000101110
   11  g 1010
   12  h 111
   13  i 0011
   14  j 0000001011110
   15  k 0000000
   16  l 101111
   17  m 000001
   18  n 100
   19  o 00101
   20  ow11010
   21  oo01100
   22  p 0000110
   23  q 0000001010
   24  r 101110
   25  s 110111
   26  t 0100
   27  u 01010
   28  uw01101
   29  v 010110
   30  x 000000100
   31  y 010111
   32  w 00000010110
   33  z 0000001011111
L(a)=4.413513